c:\users\lucha\source\repos\agcp-assignment-2\x64\debug\xapobaseredist.pdb
c:\users\lucha\source\repos\agcp-assignment-2\x64\debug\xaudio2_9redist.pdb
c:\users\lucha\source\repos\agcp-assignment-2\x64\debug\xaudio2_9redist.dll
c:\users\lucha\source\repos\agcp-assignment-2\x64\debug\vc142.pdb
c:\users\lucha\source\repos\agcp-assignment-2\x64\debug\vc142.idb
c:\users\lucha\source\repos\agcp-assignment-2\x64\debug\winstate.obj
c:\users\lucha\source\repos\agcp-assignment-2\x64\debug\winmain.obj
c:\users\lucha\source\repos\agcp-assignment-2\x64\debug\velocity.obj
c:\users\lucha\source\repos\agcp-assignment-2\x64\debug\tradestate.obj
c:\users\lucha\source\repos\agcp-assignment-2\x64\debug\storystate.obj
c:\users\lucha\source\repos\agcp-assignment-2\x64\debug\spritemanager.obj
c:\users\lucha\source\repos\agcp-assignment-2\x64\debug\player.obj
c:\users\lucha\source\repos\agcp-assignment-2\x64\debug\playstate.obj
c:\users\lucha\source\repos\agcp-assignment-2\x64\debug\plant.obj
c:\users\lucha\source\repos\agcp-assignment-2\x64\debug\menustate.obj
c:\users\lucha\source\repos\agcp-assignment-2\x64\debug\input.obj
c:\users\lucha\source\repos\agcp-assignment-2\x64\debug\gameoverstate.obj
c:\users\lucha\source\repos\agcp-assignment-2\x64\debug\gameobject.obj
c:\users\lucha\source\repos\agcp-assignment-2\x64\debug\gameapp.obj
c:\users\lucha\source\repos\agcp-assignment-2\x64\debug\enemy.obj
c:\users\lucha\source\repos\agcp-assignment-2\x64\debug\vc141.pdb
c:\users\lucha\source\repos\agcp-assignment-2\x64\debug\vc141.idb
c:\users\lucha\source\repos\agcp-assignment-2\x64\debug\state.obj
c:\users\lucha\source\repos\agcp-assignment-2\x64\debug\frameresource.obj
c:\users\lucha\source\repos\agcp-assignment-2\x64\debug\mathhelper.obj
c:\users\lucha\source\repos\agcp-assignment-2\x64\debug\geometrygenerator.obj
c:\users\lucha\source\repos\agcp-assignment-2\x64\debug\gametimer.obj
c:\users\lucha\source\repos\agcp-assignment-2\x64\debug\ddstextureloader.obj
c:\users\lucha\source\repos\agcp-assignment-2\x64\debug\d3dutil.obj
c:\users\lucha\source\repos\agcp-assignment-2\x64\debug\d3dapp.obj
c:\users\lucha\source\repos\agcp-assignment-2\x64\debug\camera.obj
c:\users\lucha\source\repos\agcp-assignment-2\x64\debug\combatcontroller.obj
c:\users\lucha\source\repos\agcp-assignment-2\x64\debug\textconsole.obj
c:\users\lucha\source\repos\agcp-assignment-2\x64\debug\tile.obj
c:\users\lucha\source\repos\agcp-assignment-2\x64\debug\audiosimple.obj
c:\users\lucha\source\repos\agcp-assignment-2\x64\debug\experience.obj
c:\users\lucha\source\repos\agcp-assignment-2\x64\debug\bar.obj
c:\users\lucha\source\repos\agcp-assignment-2\x64\debug\trader.obj
c:\users\lucha\source\repos\agcp-assignment-2\x64\debug\agcpproject2.exe
c:\users\lucha\source\repos\agcp-assignment-2\x64\debug\agcpproject2.ilk
c:\users\lucha\source\repos\agcp-assignment-2\x64\debug\agcpproject2.pdb
c:\users\lucha\source\repos\agcp-assignment-2\x64\debug\agcpproject2.tlog\agcpproject2.write.1u.tlog
c:\users\lucha\source\repos\agcp-assignment-2\x64\debug\agcpproject2.tlog\cl.command.1.tlog
c:\users\lucha\source\repos\agcp-assignment-2\x64\debug\agcpproject2.tlog\cl.read.1.tlog
c:\users\lucha\source\repos\agcp-assignment-2\x64\debug\agcpproject2.tlog\cl.write.1.tlog
c:\users\lucha\source\repos\agcp-assignment-2\x64\debug\agcpproject2.tlog\link.command.1.tlog
c:\users\lucha\source\repos\agcp-assignment-2\x64\debug\agcpproject2.tlog\link.read.1.tlog
c:\users\lucha\source\repos\agcp-assignment-2\x64\debug\agcpproject2.tlog\link.write.1.tlog
